This file contains any messages produced by compilers while
running configure, to aid debugging if configure makes a mistake.

It was created by airpwn configure 1.4, which was
generated by GNU Autoconf 2.61.  Invocation command line was

  $ ./configure --prefix=/usr

## --------- ##
## Platform. ##
## --------- ##

hostname = m0rf30-lap
uname -m = x86_64
uname -r = 3.8.7-1-ARCH
uname -s = Linux
uname -v = #1 SMP PREEMPT Sat Apr 13 09:01:47 CEST 2013

/usr/bin/uname -p = unknown
/bin/uname -X     = unknown

/bin/arch              = unknown
/usr/bin/arch -k       = unknown
/usr/convex/getsysinfo = unknown
/usr/bin/hostinfo      = unknown
/bin/machine           = unknown
/usr/bin/oslevel       = unknown
/bin/universe          = unknown

PATH: /usr/lib/qt4/bin
PATH: /usr/lib/colorgcc/bin/
PATH: /usr/local/bin
PATH: /usr/bin
PATH: /bin
PATH: /usr/local/sbin
PATH: /usr/sbin
PATH: /sbin
PATH: /opt/android-sdk/platform-tools
PATH: /opt/android-sdk/tools
PATH: /opt/java/bin
PATH: /opt/java/db/bin
PATH: /opt/java/jre/bin
PATH: /usr/bin/core_perl


## ----------- ##
## Core tests. ##
## ----------- ##

configure:1771: checking for a BSD-compatible install
configure:1827: result: /usr/bin/install -c
configure:1838: checking whether build environment is sane
configure:1881: result: yes
configure:1946: checking for gawk
configure:1962: found /usr/bin/gawk
configure:1973: result: gawk
configure:1984: checking whether make sets $(MAKE)
configure:2005: result: yes
configure:2243: checking for gcc
configure:2259: found /usr/lib/colorgcc/bin//gcc
configure:2270: result: gcc
configure:2508: checking for C compiler version
configure:2515: gcc --version >&5
gcc (GCC) 4.8.0 20130411 (prerelease)
Copyright (C) 2013 Free Software Foundation, Inc.
This is free software; see the source for copying conditions.  There is NO
warranty; not even for MERCHANTABILITY or FITNESS FOR A PARTICULAR PURPOSE.

configure:2518: $? = 0
configure:2525: gcc -v >&5
Using built-in specs.
COLLECT_GCC=/usr/bin/gcc
COLLECT_LTO_WRAPPER=/usr/lib/gcc/x86_64-unknown-linux-gnu/4.8.0/lto-wrapper
Target: x86_64-unknown-linux-gnu
Configured with: /build/src/gcc-4.8-20130411/configure --prefix=/usr --libdir=/usr/lib --libexecdir=/usr/lib --mandir=/usr/share/man --infodir=/usr/share/info --with-bugurl=https://bugs.archlinux.org/ --enable-languages=c,c++,ada,fortran,go,lto,objc,obj-c++ --enable-shared --enable-threads=posix --with-system-zlib --enable-__cxa_atexit --disable-libunwind-exceptions --enable-clocale=gnu --disable-libstdcxx-pch --enable-gnu-unique-object --enable-linker-build-id --enable-cloog-backend=isl --disable-cloog-version-check --enable-lto --enable-gold --enable-ld=default --enable-plugin --with-plugin-ld=ld.gold --with-linker-hash-style=gnu --disable-install-libiberty --enable-multilib --disable-libssp --disable-werror --enable-checking=release
Thread model: posix
gcc version 4.8.0 20130411 (prerelease) (GCC) 
configure:2528: $? = 0
configure:2535: gcc -V >&5
gcc: error: unrecognized command line option '-V'
gcc: fatal error: no input files
compilation terminated.
configure:2538: $? = 1
configure:2561: checking for C compiler default output file name
configure:2588: gcc    conftest.c  >&5
configure:2591: $? = 0
configure:2629: result: a.out
configure:2646: checking whether the C compiler works
configure:2656: ./a.out
configure:2659: $? = 0
configure:2676: result: yes
configure:2683: checking whether we are cross compiling
configure:2685: result: no
configure:2688: checking for suffix of executables
configure:2695: gcc -o conftest    conftest.c  >&5
configure:2698: $? = 0
configure:2722: result: 
configure:2728: checking for suffix of object files
configure:2754: gcc -c   conftest.c >&5
configure:2757: $? = 0
configure:2780: result: o
configure:2784: checking whether we are using the GNU C compiler
configure:2813: gcc -c   conftest.c >&5
configure:2819: $? = 0
configure:2836: result: yes
configure:2841: checking whether gcc accepts -g
configure:2871: gcc -c -g  conftest.c >&5
configure:2877: $? = 0
configure:2976: result: yes
configure:2993: checking for gcc option to accept ISO C89
configure:3067: gcc  -c -g -O2  conftest.c >&5
configure:3073: $? = 0
configure:3096: result: none needed
configure:3125: checking for style of include used by make
configure:3153: result: GNU
configure:3181: checking dependency style of gcc
configure:3271: result: gcc3
configure:3292: checking for libnet_build_tcp in -lnet
configure:3327: gcc -o conftest -g -O2   conftest.c -lnet   >&5
configure:3333: $? = 0
configure:3351: result: yes
configure:3367: checking for pcap_open_live in -lpcap
configure:3402: gcc -o conftest -g -O2   conftest.c -lpcap  -lnet  >&5
configure:3408: $? = 0
configure:3426: result: yes
configure:3442: checking for pcre_compile in -lpcre
configure:3477: gcc -o conftest -g -O2   conftest.c -lpcre  -lpcap -lnet  >&5
configure:3483: $? = 0
configure:3501: result: yes
configure:3517: checking for pthread_create in -lpthread
configure:3552: gcc -o conftest -g -O2   conftest.c -lpthread  -lpcre -lpcap -lnet  >&5
configure:3558: $? = 0
configure:3576: result: yes
configure:3592: checking for tx80211_txpacket in -lorcon
configure:3627: gcc -o conftest -g -O2   conftest.c -lorcon  -lpthread -lpcre -lpcap -lnet  >&5
configure:3633: $? = 0
configure:3651: result: yes
configure:3667: checking for MD5_Init in -lssl
configure:3702: gcc -o conftest -g -O2   conftest.c -lssl  -lorcon -lpthread -lpcre -lpcap -lnet  >&5
/usr/bin/ld: /tmp/cceoUnjd.o: undefined reference to symbol 'MD5_Init'
/usr/bin/ld: note: 'MD5_Init' is defined in DSO /usr/lib/libcrypto.so.1.0.0 so try adding it to the linker command line
/usr/lib/libcrypto.so.1.0.0: could not read symbols: Invalid operation
collect2: error: ld returned 1 exit status
configure:3708: $? = 1
configure: failed program was:
| /* confdefs.h.  */
| #define PACKAGE_NAME "airpwn"
| #define PACKAGE_TARNAME "airpwn"
| #define PACKAGE_VERSION "1.4"
| #define PACKAGE_STRING "airpwn 1.4"
| #define PACKAGE_BUGREPORT "gst@remote-exploit.org"
| #define PACKAGE "airpwn"
| #define VERSION "1.4"
| #define HAVE_LIBNET 1
| #define HAVE_LIBPCAP 1
| #define HAVE_LIBPCRE 1
| #define HAVE_LIBPTHREAD 1
| #define HAVE_LIBORCON 1
| /* end confdefs.h.  */
| 
| /* Override any GCC internal prototype to avoid an error.
|    Use char because int might match the return type of a GCC
|    builtin and then its argument prototype would still apply.  */
| #ifdef __cplusplus
| extern "C"
| #endif
| char MD5_Init ();
| int
| main ()
| {
| return MD5_Init ();
|   ;
|   return 0;
| }
configure:3726: result: no
configure:3736: openssl required for full WEP key generation
configure:3741: checking for PyString_FromString in -lpython2.7
configure:3776: gcc -o conftest -g -O2   conftest.c -lpython2.7  -lorcon -lpthread -lpcre -lpcap -lnet  >&5
configure:3782: $? = 0
configure:3800: result: yes
configure:3821: checking how to run the C preprocessor
configure:3861: gcc -E  conftest.c
configure:3867: $? = 0
configure:3898: gcc -E  conftest.c
conftest.c:16:28: fatal error: ac_nonexistent.h: No such file or directory
 #include <ac_nonexistent.h>
                            ^
compilation terminated.
configure:3904: $? = 1
configure: failed program was:
| /* confdefs.h.  */
| #define PACKAGE_NAME "airpwn"
| #define PACKAGE_TARNAME "airpwn"
| #define PACKAGE_VERSION "1.4"
| #define PACKAGE_STRING "airpwn 1.4"
| #define PACKAGE_BUGREPORT "gst@remote-exploit.org"
| #define PACKAGE "airpwn"
| #define VERSION "1.4"
| #define HAVE_LIBNET 1
| #define HAVE_LIBPCAP 1
| #define HAVE_LIBPCRE 1
| #define HAVE_LIBPTHREAD 1
| #define HAVE_LIBORCON 1
| #define HAVE_LIBPYTHON2_7 1
| /* end confdefs.h.  */
| #include <ac_nonexistent.h>
configure:3937: result: gcc -E
configure:3966: gcc -E  conftest.c
configure:3972: $? = 0
configure:4003: gcc -E  conftest.c
conftest.c:16:28: fatal error: ac_nonexistent.h: No such file or directory
 #include <ac_nonexistent.h>
                            ^
compilation terminated.
configure:4009: $? = 1
configure: failed program was:
| /* confdefs.h.  */
| #define PACKAGE_NAME "airpwn"
| #define PACKAGE_TARNAME "airpwn"
| #define PACKAGE_VERSION "1.4"
| #define PACKAGE_STRING "airpwn 1.4"
| #define PACKAGE_BUGREPORT "gst@remote-exploit.org"
| #define PACKAGE "airpwn"
| #define VERSION "1.4"
| #define HAVE_LIBNET 1
| #define HAVE_LIBPCAP 1
| #define HAVE_LIBPCRE 1
| #define HAVE_LIBPTHREAD 1
| #define HAVE_LIBORCON 1
| #define HAVE_LIBPYTHON2_7 1
| /* end confdefs.h.  */
| #include <ac_nonexistent.h>
configure:4047: checking for grep that handles long lines and -e
configure:4121: result: /usr/bin/grep
configure:4126: checking for egrep
configure:4204: result: /usr/bin/grep -E
configure:4209: checking for ANSI C header files
configure:4239: gcc -c -g -O2  conftest.c >&5
configure:4245: $? = 0
configure:4344: gcc -o conftest -g -O2   conftest.c -lpython2.7 -lorcon -lpthread -lpcre -lpcap -lnet  >&5
configure:4347: $? = 0
configure:4353: ./conftest
./configure: line 4354: 28261 Segmentation fault      ./conftest$ac_exeext
configure:4356: $? = 139
configure: program exited with status 139
configure: failed program was:
| /* confdefs.h.  */
| #define PACKAGE_NAME "airpwn"
| #define PACKAGE_TARNAME "airpwn"
| #define PACKAGE_VERSION "1.4"
| #define PACKAGE_STRING "airpwn 1.4"
| #define PACKAGE_BUGREPORT "gst@remote-exploit.org"
| #define PACKAGE "airpwn"
| #define VERSION "1.4"
| #define HAVE_LIBNET 1
| #define HAVE_LIBPCAP 1
| #define HAVE_LIBPCRE 1
| #define HAVE_LIBPTHREAD 1
| #define HAVE_LIBORCON 1
| #define HAVE_LIBPYTHON2_7 1
| /* end confdefs.h.  */
| #include <ctype.h>
| #include <stdlib.h>
| #if ((' ' & 0x0FF) == 0x020)
| # define ISLOWER(c) ('a' <= (c) && (c) <= 'z')
| # define TOUPPER(c) (ISLOWER(c) ? 'A' + ((c) - 'a') : (c))
| #else
| # define ISLOWER(c) 		   (('a' <= (c) && (c) <= 'i') 		     || ('j' <= (c) && (c) <= 'r') 		     || ('s' <= (c) && (c) <= 'z'))
| # define TOUPPER(c) (ISLOWER(c) ? ((c) | 0x40) : (c))
| #endif
| 
| #define XOR(e, f) (((e) && !(f)) || (!(e) && (f)))
| int
| main ()
| {
|   int i;
|   for (i = 0; i < 256; i++)
|     if (XOR (islower (i), ISLOWER (i))
| 	|| toupper (i) != TOUPPER (i))
|       return 2;
|   return 0;
| }
configure:4373: result: no
configure:4397: checking for sys/types.h
configure:4418: gcc -c -g -O2  conftest.c >&5
configure:4424: $? = 0
configure:4440: result: yes
configure:4397: checking for sys/stat.h
configure:4418: gcc -c -g -O2  conftest.c >&5
configure:4424: $? = 0
configure:4440: result: yes
configure:4397: checking for stdlib.h
configure:4418: gcc -c -g -O2  conftest.c >&5
configure:4424: $? = 0
configure:4440: result: yes
configure:4397: checking for string.h
configure:4418: gcc -c -g -O2  conftest.c >&5
configure:4424: $? = 0
configure:4440: result: yes
configure:4397: checking for memory.h
configure:4418: gcc -c -g -O2  conftest.c >&5
configure:4424: $? = 0
configure:4440: result: yes
configure:4397: checking for strings.h
configure:4418: gcc -c -g -O2  conftest.c >&5
configure:4424: $? = 0
configure:4440: result: yes
configure:4397: checking for inttypes.h
configure:4418: gcc -c -g -O2  conftest.c >&5
configure:4424: $? = 0
configure:4440: result: yes
configure:4397: checking for stdint.h
configure:4418: gcc -c -g -O2  conftest.c >&5
configure:4424: $? = 0
configure:4440: result: yes
configure:4397: checking for unistd.h
configure:4418: gcc -c -g -O2  conftest.c >&5
configure:4424: $? = 0
configure:4440: result: yes
configure:4474: checking fcntl.h usability
configure:4491: gcc -c -g -O2  conftest.c >&5
configure:4497: $? = 0
configure:4511: result: yes
configure:4515: checking fcntl.h presence
configure:4530: gcc -E  conftest.c
configure:4536: $? = 0
configure:4550: result: yes
configure:4583: checking for fcntl.h
configure:4591: result: yes
configure:4464: checking for stdint.h
configure:4470: result: yes
configure:4464: checking for stdlib.h
configure:4470: result: yes
configure:4464: checking for string.h
configure:4470: result: yes
configure:4474: checking sys/ioctl.h usability
configure:4491: gcc -c -g -O2  conftest.c >&5
configure:4497: $? = 0
configure:4511: result: yes
configure:4515: checking sys/ioctl.h presence
configure:4530: gcc -E  conftest.c
configure:4536: $? = 0
configure:4550: result: yes
configure:4583: checking for sys/ioctl.h
configure:4591: result: yes
configure:4474: checking sys/socket.h usability
configure:4491: gcc -c -g -O2  conftest.c >&5
configure:4497: $? = 0
configure:4511: result: yes
configure:4515: checking sys/socket.h presence
configure:4530: gcc -E  conftest.c
configure:4536: $? = 0
configure:4550: result: yes
configure:4583: checking for sys/socket.h
configure:4591: result: yes
configure:4464: checking for unistd.h
configure:4470: result: yes
configure:4474: checking pthread.h usability
configure:4491: gcc -c -g -O2  conftest.c >&5
configure:4497: $? = 0
configure:4511: result: yes
configure:4515: checking pthread.h presence
configure:4530: gcc -E  conftest.c
configure:4536: $? = 0
configure:4550: result: yes
configure:4583: checking for pthread.h
configure:4591: result: yes
configure:4623: checking libnet.h usability
configure:4640: gcc -c -g -O2  conftest.c >&5
configure:4646: $? = 0
configure:4660: result: yes
configure:4664: checking libnet.h presence
configure:4679: gcc -E  conftest.c
configure:4685: $? = 0
configure:4699: result: yes
configure:4732: checking for libnet.h
configure:4740: result: yes
configure:4623: checking pcap.h usability
configure:4640: gcc -c -g -O2  conftest.c >&5
configure:4646: $? = 0
configure:4660: result: yes
configure:4664: checking pcap.h presence
configure:4679: gcc -E  conftest.c
configure:4685: $? = 0
configure:4699: result: yes
configure:4732: checking for pcap.h
configure:4740: result: yes
configure:4623: checking tx80211.h usability
configure:4640: gcc -c -g -O2  conftest.c >&5
configure:4646: $? = 0
configure:4660: result: yes
configure:4664: checking tx80211.h presence
configure:4679: gcc -E  conftest.c
configure:4685: $? = 0
configure:4699: result: yes
configure:4732: checking for tx80211.h
configure:4740: result: yes
configure:4623: checking tx80211_packet.h usability
configure:4640: gcc -c -g -O2  conftest.c >&5
configure:4646: $? = 0
configure:4660: result: yes
configure:4664: checking tx80211_packet.h presence
configure:4679: gcc -E  conftest.c
configure:4685: $? = 0
configure:4699: result: yes
configure:4732: checking for tx80211_packet.h
configure:4740: result: yes
configure:4623: checking openssl/md5.h usability
configure:4640: gcc -c -g -O2  conftest.c >&5
configure:4646: $? = 0
configure:4660: result: yes
configure:4664: checking openssl/md5.h presence
configure:4679: gcc -E  conftest.c
configure:4685: $? = 0
configure:4699: result: yes
configure:4732: checking for openssl/md5.h
configure:4740: result: yes
configure:4772: checking python2.7/Python.h usability
configure:4789: gcc -c -g -O2  conftest.c >&5
configure:4795: $? = 0
configure:4809: result: yes
configure:4813: checking python2.7/Python.h presence
configure:4828: gcc -E  conftest.c
configure:4834: $? = 0
configure:4848: result: yes
configure:4881: checking for python2.7/Python.h
configure:4889: result: yes
configure:4904: checking for an ANSI C-conforming const
configure:4979: gcc -c -g -O2  conftest.c >&5
configure:4985: $? = 0
configure:5000: result: yes
configure:5010: checking whether time.h and sys/time.h may both be included
configure:5040: gcc -c -g -O2  conftest.c >&5
configure:5046: $? = 0
configure:5061: result: yes
configure:5071: checking whether struct tm is in sys/time.h or time.h
configure:5101: gcc -c -g -O2  conftest.c >&5
configure:5107: $? = 0
configure:5122: result: time.h
configure:5139: checking for stdlib.h
configure:5145: result: yes
configure:5279: checking for GNU libc compatible malloc
configure:5313: gcc -o conftest -g -O2   conftest.c -lpython2.7 -lorcon -lpthread -lpcre -lpcap -lnet  >&5
configure:5316: $? = 0
configure:5322: ./conftest
./configure: line 5323: 29041 Segmentation fault      ./conftest$ac_exeext
configure:5325: $? = 139
configure: program exited with status 139
configure: failed program was:
| /* confdefs.h.  */
| #define PACKAGE_NAME "airpwn"
| #define PACKAGE_TARNAME "airpwn"
| #define PACKAGE_VERSION "1.4"
| #define PACKAGE_STRING "airpwn 1.4"
| #define PACKAGE_BUGREPORT "gst@remote-exploit.org"
| #define PACKAGE "airpwn"
| #define VERSION "1.4"
| #define HAVE_LIBNET 1
| #define HAVE_LIBPCAP 1
| #define HAVE_LIBPCRE 1
| #define HAVE_LIBPTHREAD 1
| #define HAVE_LIBORCON 1
| #define HAVE_LIBPYTHON2_7 1
| #define HAVE_SYS_TYPES_H 1
| #define HAVE_SYS_STAT_H 1
| #define HAVE_STDLIB_H 1
| #define HAVE_STRING_H 1
| #define HAVE_MEMORY_H 1
| #define HAVE_STRINGS_H 1
| #define HAVE_INTTYPES_H 1
| #define HAVE_STDINT_H 1
| #define HAVE_UNISTD_H 1
| #define HAVE_FCNTL_H 1
| #define HAVE_STDINT_H 1
| #define HAVE_STDLIB_H 1
| #define HAVE_STRING_H 1
| #define HAVE_SYS_IOCTL_H 1
| #define HAVE_SYS_SOCKET_H 1
| #define HAVE_UNISTD_H 1
| #define HAVE_PTHREAD_H 1
| #define HAVE_LIBNET_H 1
| #define HAVE_PCAP_H 1
| #define HAVE_TX80211_H 1
| #define HAVE_TX80211_PACKET_H 1
| #define HAVE_OPENSSL_MD5_H 1
| #define HAVE_PYTHON2_7_PYTHON_H 1
| #define TIME_WITH_SYS_TIME 1
| #define HAVE_STDLIB_H 1
| /* end confdefs.h.  */
| #if defined STDC_HEADERS || defined HAVE_STDLIB_H
| # include <stdlib.h>
| #else
| char *malloc ();
| #endif
| 
| int
| main ()
| {
| return ! malloc (0);
|   ;
|   return 0;
| }
configure:5341: result: no
configure:5373: checking for vprintf
configure:5429: gcc -o conftest -g -O2   conftest.c -lpython2.7 -lorcon -lpthread -lpcre -lpcap -lnet  >&5
conftest.c:66:6: warning: conflicting types for built-in function 'vprintf' [enabled by default]
 char vprintf ();
      ^
configure:5435: $? = 0
configure:5453: result: yes
configure:5460: checking for _doprnt
configure:5516: gcc -o conftest -g -O2   conftest.c -lpython2.7 -lorcon -lpthread -lpcre -lpcap -lnet  >&5
/tmp/ccNIHScO.o: In function `main':
/home/morfeo/airpwn/airpwn-1.4/conftest.c:78: undefined reference to `_doprnt'
collect2: error: ld returned 1 exit status
configure:5522: $? = 1
configure: failed program was:
| /* confdefs.h.  */
| #define PACKAGE_NAME "airpwn"
| #define PACKAGE_TARNAME "airpwn"
| #define PACKAGE_VERSION "1.4"
| #define PACKAGE_STRING "airpwn 1.4"
| #define PACKAGE_BUGREPORT "gst@remote-exploit.org"
| #define PACKAGE "airpwn"
| #define VERSION "1.4"
| #define HAVE_LIBNET 1
| #define HAVE_LIBPCAP 1
| #define HAVE_LIBPCRE 1
| #define HAVE_LIBPTHREAD 1
| #define HAVE_LIBORCON 1
| #define HAVE_LIBPYTHON2_7 1
| #define HAVE_SYS_TYPES_H 1
| #define HAVE_SYS_STAT_H 1
| #define HAVE_STDLIB_H 1
| #define HAVE_STRING_H 1
| #define HAVE_MEMORY_H 1
| #define HAVE_STRINGS_H 1
| #define HAVE_INTTYPES_H 1
| #define HAVE_STDINT_H 1
| #define HAVE_UNISTD_H 1
| #define HAVE_FCNTL_H 1
| #define HAVE_STDINT_H 1
| #define HAVE_STDLIB_H 1
| #define HAVE_STRING_H 1
| #define HAVE_SYS_IOCTL_H 1
| #define HAVE_SYS_SOCKET_H 1
| #define HAVE_UNISTD_H 1
| #define HAVE_PTHREAD_H 1
| #define HAVE_LIBNET_H 1
| #define HAVE_PCAP_H 1
| #define HAVE_TX80211_H 1
| #define HAVE_TX80211_PACKET_H 1
| #define HAVE_OPENSSL_MD5_H 1
| #define HAVE_PYTHON2_7_PYTHON_H 1
| #define TIME_WITH_SYS_TIME 1
| #define HAVE_STDLIB_H 1
| #define HAVE_MALLOC 0
| #define malloc rpl_malloc
| #define HAVE_VPRINTF 1
| /* end confdefs.h.  */
| /* Define _doprnt to an innocuous variant, in case <limits.h> declares _doprnt.
|    For example, HP-UX 11i <limits.h> declares gettimeofday.  */
| #define _doprnt innocuous__doprnt
| 
| /* System header to define __stub macros and hopefully few prototypes,
|     which can conflict with char _doprnt (); below.
|     Prefer <limits.h> to <assert.h> if __STDC__ is defined, since
|     <limits.h> exists even on freestanding compilers.  */
| 
| #ifdef __STDC__
| # include <limits.h>
| #else
| # include <assert.h>
| #endif
| 
| #undef _doprnt
| 
| /* Override any GCC internal prototype to avoid an error.
|    Use char because int might match the return type of a GCC
|    builtin and then its argument prototype would still apply.  */
| #ifdef __cplusplus
| extern "C"
| #endif
| char _doprnt ();
| /* The GNU C library defines this for functions which it implements
|     to always fail with ENOSYS.  Some functions are actually named
|     something starting with __ and the normal name is an alias.  */
| #if defined __stub__doprnt || defined __stub____doprnt
| choke me
| #endif
| 
| int
| main ()
| {
| return _doprnt ();
|   ;
|   return 0;
| }
configure:5539: result: no
configure:5558: checking for inet_ntoa
configure:5614: gcc -o conftest -g -O2   conftest.c -lpython2.7 -lorcon -lpthread -lpcre -lpcap -lnet  >&5
configure:5620: $? = 0
configure:5638: result: yes
configure:5558: checking for strtol
configure:5614: gcc -o conftest -g -O2   conftest.c -lpython2.7 -lorcon -lpthread -lpcre -lpcap -lnet  >&5
configure:5620: $? = 0
configure:5638: result: yes
configure:5767: creating ./config.status

## ---------------------- ##
## Running config.status. ##
## ---------------------- ##

This file was extended by airpwn config.status 1.4, which was
generated by GNU Autoconf 2.61.  Invocation command line was

  CONFIG_FILES    = 
  CONFIG_HEADERS  = 
  CONFIG_LINKS    = 
  CONFIG_COMMANDS = 
  $ ./config.status 

on m0rf30-lap

config.status:633: creating Makefile
config.status:633: creating config.h
config.status:925: executing depfiles commands

## ---------------- ##
## Cache variables. ##
## ---------------- ##

ac_cv_c_compiler_gnu=yes
ac_cv_c_const=yes
ac_cv_env_CC_set=
ac_cv_env_CC_value=
ac_cv_env_CFLAGS_set=
ac_cv_env_CFLAGS_value=
ac_cv_env_CPPFLAGS_set=
ac_cv_env_CPPFLAGS_value=
ac_cv_env_CPP_set=
ac_cv_env_CPP_value=
ac_cv_env_LDFLAGS_set=
ac_cv_env_LDFLAGS_value=
ac_cv_env_LIBS_set=
ac_cv_env_LIBS_value=
ac_cv_env_build_alias_set=
ac_cv_env_build_alias_value=
ac_cv_env_host_alias_set=
ac_cv_env_host_alias_value=
ac_cv_env_target_alias_set=
ac_cv_env_target_alias_value=
ac_cv_func__doprnt=no
ac_cv_func_inet_ntoa=yes
ac_cv_func_malloc_0_nonnull=no
ac_cv_func_strtol=yes
ac_cv_func_vprintf=yes
ac_cv_header_fcntl_h=yes
ac_cv_header_inttypes_h=yes
ac_cv_header_libnet_h=yes
ac_cv_header_memory_h=yes
ac_cv_header_openssl_md5_h=yes
ac_cv_header_pcap_h=yes
ac_cv_header_pthread_h=yes
ac_cv_header_python2_7_Python_h=yes
ac_cv_header_stdc=no
ac_cv_header_stdint_h=yes
ac_cv_header_stdlib_h=yes
ac_cv_header_string_h=yes
ac_cv_header_strings_h=yes
ac_cv_header_sys_ioctl_h=yes
ac_cv_header_sys_socket_h=yes
ac_cv_header_sys_stat_h=yes
ac_cv_header_sys_types_h=yes
ac_cv_header_time=yes
ac_cv_header_tx80211_h=yes
ac_cv_header_tx80211_packet_h=yes
ac_cv_header_unistd_h=yes
ac_cv_lib_net_libnet_build_tcp=yes
ac_cv_lib_orcon_tx80211_txpacket=yes
ac_cv_lib_pcap_pcap_open_live=yes
ac_cv_lib_pcre_pcre_compile=yes
ac_cv_lib_pthread_pthread_create=yes
ac_cv_lib_python2_7_PyString_FromString=yes
ac_cv_lib_ssl_MD5_Init=no
ac_cv_objext=o
ac_cv_path_EGREP='/usr/bin/grep -E'
ac_cv_path_GREP=/usr/bin/grep
ac_cv_path_install='/usr/bin/install -c'
ac_cv_prog_AWK=gawk
ac_cv_prog_CPP='gcc -E'
ac_cv_prog_ac_ct_CC=gcc
ac_cv_prog_cc_c89=
ac_cv_prog_cc_g=yes
ac_cv_prog_make_make_set=yes
ac_cv_struct_tm=time.h
am_cv_CC_dependencies_compiler_type=gcc3

## ----------------- ##
## Output variables. ##
## ----------------- ##

ACLOCAL='${SHELL} /home/morfeo/airpwn/airpwn-1.4/missing --run aclocal-1.9'
AMDEPBACKSLASH='\'
AMDEP_FALSE='#'
AMDEP_TRUE=''
AMTAR='${SHELL} /home/morfeo/airpwn/airpwn-1.4/missing --run tar'
AUTOCONF='${SHELL} /home/morfeo/airpwn/airpwn-1.4/missing --run autoconf'
AUTOHEADER='${SHELL} /home/morfeo/airpwn/airpwn-1.4/missing --run autoheader'
AUTOMAKE='${SHELL} /home/morfeo/airpwn/airpwn-1.4/missing --run automake-1.9'
AWK='gawk'
CC='gcc'
CCDEPMODE='depmode=gcc3'
CFLAGS='-g -O2'
CPP='gcc -E'
CPPFLAGS=''
CYGPATH_W='echo'
DEFS='-DHAVE_CONFIG_H'
DEPDIR='.deps'
ECHO_C=''
ECHO_N='-n'
ECHO_T=''
EGREP='/usr/bin/grep -E'
EXEEXT=''
GREP='/usr/bin/grep'
INSTALL_DATA='${INSTALL} -m 644'
INSTALL_PROGRAM='${INSTALL}'
INSTALL_SCRIPT='${INSTALL}'
INSTALL_STRIP_PROGRAM='${SHELL} $(install_sh) -c -s'
LDFLAGS=''
LIBOBJS=' ${LIBOBJDIR}malloc$U.o'
LIBS='-lpython2.7 -lorcon -lpthread -lpcre -lpcap -lnet '
LTLIBOBJS=' ${LIBOBJDIR}malloc$U.lo'
MAKEINFO='${SHELL} /home/morfeo/airpwn/airpwn-1.4/missing --run makeinfo'
OBJEXT='o'
PACKAGE='airpwn'
PACKAGE_BUGREPORT='gst@remote-exploit.org'
PACKAGE_NAME='airpwn'
PACKAGE_STRING='airpwn 1.4'
PACKAGE_TARNAME='airpwn'
PACKAGE_VERSION='1.4'
PATH_SEPARATOR=':'
SET_MAKE=''
SHELL='/bin/sh'
STRIP=''
VERSION='1.4'
ac_ct_CC='gcc'
am__fastdepCC_FALSE='#'
am__fastdepCC_TRUE=''
am__include='include'
am__leading_dot='.'
am__quote=''
am__tar='${AMTAR} chof - "$$tardir"'
am__untar='${AMTAR} xf -'
bindir='${exec_prefix}/bin'
build_alias=''
datadir='${datarootdir}'
datarootdir='${prefix}/share'
docdir='${datarootdir}/doc/${PACKAGE_TARNAME}'
dvidir='${docdir}'
exec_prefix='${prefix}'
host_alias=''
htmldir='${docdir}'
includedir='${prefix}/include'
infodir='${datarootdir}/info'
install_sh='/home/morfeo/airpwn/airpwn-1.4/install-sh'
libdir='${exec_prefix}/lib'
libexecdir='${exec_prefix}/libexec'
localedir='${datarootdir}/locale'
localstatedir='${prefix}/var'
mandir='${datarootdir}/man'
mkdir_p='mkdir -p --'
oldincludedir='/usr/include'
pdfdir='${docdir}'
prefix='/usr'
program_transform_name='s,x,x,'
psdir='${docdir}'
sbindir='${exec_prefix}/sbin'
sharedstatedir='${prefix}/com'
sysconfdir='${prefix}/etc'
target_alias=''

## ----------- ##
## confdefs.h. ##
## ----------- ##

#define PACKAGE_NAME "airpwn"
#define PACKAGE_TARNAME "airpwn"
#define PACKAGE_VERSION "1.4"
#define PACKAGE_STRING "airpwn 1.4"
#define PACKAGE_BUGREPORT "gst@remote-exploit.org"
#define PACKAGE "airpwn"
#define VERSION "1.4"
#define HAVE_LIBNET 1
#define HAVE_LIBPCAP 1
#define HAVE_LIBPCRE 1
#define HAVE_LIBPTHREAD 1
#define HAVE_LIBORCON 1
#define HAVE_LIBPYTHON2_7 1
#define HAVE_SYS_TYPES_H 1
#define HAVE_SYS_STAT_H 1
#define HAVE_STDLIB_H 1
#define HAVE_STRING_H 1
#define HAVE_MEMORY_H 1
#define HAVE_STRINGS_H 1
#define HAVE_INTTYPES_H 1
#define HAVE_STDINT_H 1
#define HAVE_UNISTD_H 1
#define HAVE_FCNTL_H 1
#define HAVE_STDINT_H 1
#define HAVE_STDLIB_H 1
#define HAVE_STRING_H 1
#define HAVE_SYS_IOCTL_H 1
#define HAVE_SYS_SOCKET_H 1
#define HAVE_UNISTD_H 1
#define HAVE_PTHREAD_H 1
#define HAVE_LIBNET_H 1
#define HAVE_PCAP_H 1
#define HAVE_TX80211_H 1
#define HAVE_TX80211_PACKET_H 1
#define HAVE_OPENSSL_MD5_H 1
#define HAVE_PYTHON2_7_PYTHON_H 1
#define TIME_WITH_SYS_TIME 1
#define HAVE_STDLIB_H 1
#define HAVE_MALLOC 0
#define malloc rpl_malloc
#define HAVE_VPRINTF 1
#define HAVE_INET_NTOA 1
#define HAVE_STRTOL 1

configure: exit 0
